==================== 2026-07-08T16:30:41.200324Z | 019f4291-382f-7a23-bcfa-54793f7222fd ====================
16:30:41.200388 [info ]: dbt-fusion 2.0.0-preview.196
16:30:41.200492 [info ]: Started loading project
16:30:41.201041 [info ]: Loading profiles.yml
16:30:41.201623 [info ]: Finished loading project [  0.00s]
16:30:41.201710 [info ]: Started debugging
16:30:41.201765 [info ]: Debugging profile: dev
16:30:41.201778 [info ]: Debugging dbt version: 2.0.0-preview.196
16:30:41.201803 [info ]: Debugging platform: macos aarch64 (unix)
16:30:41.201842 [info ]: Debugging adapter type: duckdb (remote)
16:30:41.210477 [info ]: Debugging dependencies:
  git: OK
16:30:41.210709 [info ]: Debugging connection:
  "path": "dev.duckdb"
16:30:44.821340 [debug]: Query executed on node unknown:
select 1 as id
16:30:44.821580 [info ]: Debugging connection test: OK
16:30:44.822135 [info ]: Debugged All checks passed!
16:30:44.822174 [info ]: Finished debugging [  3.62s]
16:30:45.354015 [info ]: 
==================== Execution Summary =====================
Finished 'debug' successfully for target 'dev' [4.2s]
==================== 2026-07-08T16:42:35.897123Z | 019f429c-1ff8-7ef3-89c2-c53f2858a87b ====================
16:42:35.897188 [info ]: dbt-fusion 2.0.0-preview.196
16:42:35.897290 [info ]: Started loading project
16:42:35.897940 [info ]: Loading profiles.yml
16:42:35.999512 [debug]:    Started loading packages
16:42:35.999925 [debug]:     Loaded [  0.00s] packages
16:42:36.000287 [info ]: Finished loading project [  0.10s]
16:42:36.000468 [info ]: Started parsing
16:42:36.009973 [debug]: Finished parsing models/sources.yml [  0.00s]
16:42:36.010473 [debug]: Finished parsing models/stg_orders.sql [  0.00s]
16:42:36.011040 [warn ]: [UnusedResourceConfigPath (dbt1097)]: Configuration paths exist in your dbt_project.yml file which do not apply to any resources.
There are 1 unused configuration paths:
- models.jaffle_shop
16:42:36.011287 [info ]: Finished parsing [  0.01s]
16:42:36.011537 [info ]: Started scheduling
16:42:36.011602 [info ]: Finished scheduling [  0.00s]
16:42:36.011736 [debug]: Initializing schema store with entry: Frontier(CanonicalFqn { catalog: "dev", schema: "jaffle_shop", table: "raw_orders" }) and interval: None
16:42:36.128944 [debug]: No platform credentials found, skipping remote license
16:42:36.128982 [debug]: License check failed: Feature not licensed: 'lineage'
16:42:36.129142 [info ]: Started building task graph
16:42:36.129250 [info ]: Finished building task graph [  0.00s]
16:42:36.163075 [debug]: Query executed on node unknown:
/* {"app": "dbt", "connection_name": "", "dbt_version": "2.0.0", "profile_name": "dbtDuckDb", "target_name": "dev"} */

    
    select schema_name
    from system.information_schema.schemata
    
    where lower(catalog_name) = '"dev"'
    
  
  
16:42:36.163454 [debug]: Query executed on node unknown:
/* {"app": "dbt", "connection_name": "", "dbt_version": "2.0.0", "profile_name": "dbtDuckDb", "target_name": "dev"} */

    
        select type from duckdb_databases()
        where lower(database_name)='dev'
        and type='sqlite'
    
  
16:42:36.163658 [debug]: Query executed on node unknown:
/* {"app": "dbt", "connection_name": "", "dbt_version": "2.0.0", "profile_name": "dbtDuckDb", "target_name": "dev"} */

    
    
        create schema if not exists "dev"."main"
    
16:42:36.163704 [info ]: Started rendering (1 nodes)
16:42:36.163730 [info ]: Started model main.stg_orders
16:42:36.163737 [debug]: Started rendering model main.stg_orders
16:42:36.164233 [debug]: Compiled SQL for node model.dbtDuckDb.stg_orders at target/compiled/dbtDuckDb/models/stg_orders.sql
16:42:36.164278 [debug]: Finished rendering [  0.00s] model main.stg_orders [success]
16:42:36.164302 [info ]: Finished rendering [  0.00s] (1 nodes, 0 skipped, 0 errors)
16:42:36.164324 [info ]: Started analyzing (1 nodes)
16:42:36.164340 [debug]: Started analyzing model main.stg_orders
16:42:36.165835 [debug]: Finished analyzing [  0.00s] model main.stg_orders [success]
16:42:36.165850 [info ]: Finished analyzing [  0.00s] (1 nodes, 0 skipped, 0 errors)
16:42:36.165863 [info ]: Started running (1 nodes)
16:42:36.165875 [info ]: Started running model main.stg_orders
16:42:36.168242 [debug]: Query executed on node model.dbtDuckDb.stg_orders:
SELECT table_catalog, table_schema, table_name, table_type FROM information_schema.tables WHERE table_schema = 'main' AND lower(table_catalog) = lower('dev')
16:42:36.168937 [debug]: Writing runtime sql for node "model.dbtDuckDb.stg_orders"
16:42:36.208866 [debug]: Query executed on node model.dbtDuckDb.stg_orders:
/* {"app": "dbt", "dbt_version": "2.0.0", "node_id": "model.dbtDuckDb.stg_orders", "profile_name": "dbtDuckDb", "target_name": "dev"} */

  
  create view "dev"."main"."stg_orders__dbt_tmp" as (
    SELECT 
id AS order_id,
customer AS customer_id,
ordered_at,
store_id,
subtotal,
tax_paid,
order_total
FROM 'jaffle-data/raw_orders.csv'
  );

16:42:36.209522 [debug]: Query executed on node model.dbtDuckDb.stg_orders:
/* {"app": "dbt", "dbt_version": "2.0.0", "node_id": "model.dbtDuckDb.stg_orders", "profile_name": "dbtDuckDb", "target_name": "dev"} */
alter view "dev"."main"."stg_orders__dbt_tmp" rename to "stg_orders"
16:42:36.210155 [debug]: Query executed on node model.dbtDuckDb.stg_orders:
/* {"app": "dbt", "dbt_version": "2.0.0", "node_id": "model.dbtDuckDb.stg_orders", "profile_name": "dbtDuckDb", "target_name": "dev"} */

      drop view if exists "dev"."main"."stg_orders__dbt_backup" cascade
    
16:42:36.210373 [info ]: Finished running [  0.04s] model main.stg_orders [success]
16:42:36.210398 [info ]: Finished running [  0.04s] (1 nodes, 0 skipped, 0 errors)
16:42:36.210411 [info ]:  Succeeded [  0.04s] model main.stg_orders (view)
16:42:36.655508 [info ]: 
==================== Execution Summary =====================
Finished 'run' with 1 warning for target 'dev' [758ms]
Processed: 1 model
Summary: 1 total | 1 success
==================== 2026-07-08T16:43:46.823525Z | 019f429d-3506-7a02-b3f1-deec319140c0 ====================
16:43:46.823590 [info ]: dbt-fusion 2.0.0-preview.196
16:43:46.823690 [info ]: Started loading project
16:43:46.824235 [info ]: Loading profiles.yml
16:43:46.925556 [debug]:    Started loading packages
16:43:46.925939 [debug]:     Loaded [  0.00s] packages
16:43:46.926264 [info ]: Finished loading project [  0.10s]
16:43:46.926427 [info ]: Started parsing
16:43:46.936162 [debug]: Finished parsing models/sources.yml [  0.00s]
16:43:46.936676 [debug]: Finished parsing models/stg_orders.sql [  0.00s]
16:43:46.937219 [warn ]: [UnusedResourceConfigPath (dbt1097)]: Configuration paths exist in your dbt_project.yml file which do not apply to any resources.
There are 1 unused configuration paths:
- models.jaffle_shop
16:43:46.937447 [info ]: Finished parsing [  0.01s]
16:43:46.937686 [info ]: Started scheduling
16:43:46.937734 [info ]: Finished scheduling [  0.00s]
16:43:46.937826 [debug]: Initializing schema store with entry: Frontier(CanonicalFqn { catalog: "dev", schema: "jaffle_shop", table: "raw_orders" }) and interval: None
16:43:47.054824 [debug]: No platform credentials found, skipping remote license
16:43:47.054861 [debug]: License check failed: Feature not licensed: 'lineage'
16:43:47.055011 [info ]: Started building task graph
16:43:47.055090 [info ]: Finished building task graph [  0.00s]
16:43:47.096872 [debug]: Query executed on node unknown:
/* {"app": "dbt", "connection_name": "", "dbt_version": "2.0.0", "profile_name": "dbtDuckDb", "target_name": "dev"} */

    
    select schema_name
    from system.information_schema.schemata
    
    where lower(catalog_name) = '"dev"'
    
  
  
16:43:47.097170 [debug]: Query executed on node unknown:
/* {"app": "dbt", "connection_name": "", "dbt_version": "2.0.0", "profile_name": "dbtDuckDb", "target_name": "dev"} */

    
        select type from duckdb_databases()
        where lower(database_name)='dev'
        and type='sqlite'
    
  
16:43:47.097297 [debug]: Query executed on node unknown:
/* {"app": "dbt", "connection_name": "", "dbt_version": "2.0.0", "profile_name": "dbtDuckDb", "target_name": "dev"} */

    
    
        create schema if not exists "dev"."main"
    
16:43:47.097343 [info ]: Started rendering (1 nodes)
16:43:47.097372 [info ]: Started model main.stg_orders
16:43:47.097378 [debug]: Started rendering model main.stg_orders
16:43:47.097763 [debug]: Compiled SQL for node model.dbtDuckDb.stg_orders at target/compiled/dbtDuckDb/models/stg_orders.sql
16:43:47.097807 [debug]: Finished rendering [  0.00s] model main.stg_orders [success]
16:43:47.097832 [info ]: Finished rendering [  0.00s] (1 nodes, 0 skipped, 0 errors)
16:43:47.097852 [info ]: Started analyzing (1 nodes)
16:43:47.097866 [debug]: Started analyzing model main.stg_orders
16:43:47.099310 [debug]: Finished analyzing [  0.00s] model main.stg_orders [success]
16:43:47.099321 [info ]: Finished analyzing [  0.00s] (1 nodes, 0 skipped, 0 errors)
16:43:47.099331 [info ]: Started running (1 nodes)
16:43:47.099344 [info ]: Started running model main.stg_orders
16:43:47.100854 [debug]: Query executed on node model.dbtDuckDb.stg_orders:
SELECT table_catalog, table_schema, table_name, table_type FROM information_schema.tables WHERE table_schema = 'main' AND lower(table_catalog) = lower('dev')
16:43:47.101488 [debug]: Writing runtime sql for node "model.dbtDuckDb.stg_orders"
16:43:47.141620 [debug]: Query executed on node model.dbtDuckDb.stg_orders:
/* {"app": "dbt", "dbt_version": "2.0.0", "node_id": "model.dbtDuckDb.stg_orders", "profile_name": "dbtDuckDb", "target_name": "dev"} */

  
  create view "dev"."main"."stg_orders__dbt_tmp" as (
    SELECT 
id AS order_id,
customer AS customer_id,
ordered_at,
store_id,
subtotal,
tax_paid,
order_total
FROM 'jaffle-data/raw_orders.csv'
  );

16:43:47.142390 [debug]: Query executed on node model.dbtDuckDb.stg_orders:
/* {"app": "dbt", "dbt_version": "2.0.0", "node_id": "model.dbtDuckDb.stg_orders", "profile_name": "dbtDuckDb", "target_name": "dev"} */
alter view "dev"."main"."stg_orders" rename to "stg_orders__dbt_backup"
16:43:47.142817 [debug]: Query executed on node model.dbtDuckDb.stg_orders:
/* {"app": "dbt", "dbt_version": "2.0.0", "node_id": "model.dbtDuckDb.stg_orders", "profile_name": "dbtDuckDb", "target_name": "dev"} */
alter view "dev"."main"."stg_orders__dbt_tmp" rename to "stg_orders"
16:43:47.143399 [debug]: Query executed on node model.dbtDuckDb.stg_orders:
/* {"app": "dbt", "dbt_version": "2.0.0", "node_id": "model.dbtDuckDb.stg_orders", "profile_name": "dbtDuckDb", "target_name": "dev"} */

      drop view if exists "dev"."main"."stg_orders__dbt_backup" cascade
    
16:43:47.143555 [info ]: Finished running [  0.04s] model main.stg_orders [success]
16:43:47.143580 [info ]: Finished running [  0.04s] (1 nodes, 0 skipped, 0 errors)
16:43:47.143591 [info ]:  Succeeded [  0.04s] model main.stg_orders (view)
16:43:47.310312 [info ]: 
==================== Execution Summary =====================
Finished 'run' with 1 warning for target 'dev' [486ms]
Processed: 1 model
Summary: 1 total | 1 success
==================== 2026-07-08T16:44:33.391704Z | 019f429d-eaee-70d0-bd6b-dda015572d39 ====================
16:44:33.391769 [info ]: dbt-fusion 2.0.0-preview.196
16:44:33.391871 [info ]: Started loading project
16:44:33.392413 [info ]: Loading profiles.yml
16:44:33.491468 [debug]:    Started loading packages
16:44:33.491874 [debug]:     Loaded [  0.00s] packages
16:44:33.492212 [info ]: Finished loading project [  0.10s]
16:44:33.492376 [info ]: Started parsing
16:44:33.502155 [debug]: Finished parsing models/sources.yml [  0.00s]
16:44:33.502683 [debug]: Finished parsing models/stg_orders.sql [  0.00s]
16:44:33.503424 [info ]: Finished parsing [  0.01s]
16:44:33.503666 [info ]: Started scheduling
16:44:33.503722 [info ]: Finished scheduling [  0.00s]
16:44:33.503832 [debug]: Initializing schema store with entry: Frontier(CanonicalFqn { catalog: "dev", schema: "jaffle_shop", table: "raw_orders" }) and interval: None
16:44:33.619402 [debug]: No platform credentials found, skipping remote license
16:44:33.619441 [debug]: License check failed: Feature not licensed: 'lineage'
16:44:33.619604 [info ]: Started building task graph
16:44:33.619680 [info ]: Finished building task graph [  0.00s]
16:44:33.662324 [debug]: Query executed on node unknown:
/* {"app": "dbt", "connection_name": "", "dbt_version": "2.0.0", "profile_name": "dbtDuckDb", "target_name": "dev"} */

    
    select schema_name
    from system.information_schema.schemata
    
    where lower(catalog_name) = '"dev"'
    
  
  
16:44:33.662630 [debug]: Query executed on node unknown:
/* {"app": "dbt", "connection_name": "", "dbt_version": "2.0.0", "profile_name": "dbtDuckDb", "target_name": "dev"} */

    
        select type from duckdb_databases()
        where lower(database_name)='dev'
        and type='sqlite'
    
  
16:44:33.662770 [debug]: Query executed on node unknown:
/* {"app": "dbt", "connection_name": "", "dbt_version": "2.0.0", "profile_name": "dbtDuckDb", "target_name": "dev"} */

    
    
        create schema if not exists "dev"."main"
    
16:44:33.662817 [info ]: Started rendering (1 nodes)
16:44:33.662845 [info ]: Started model main.stg_orders
16:44:33.662851 [debug]: Started rendering model main.stg_orders
16:44:33.663286 [debug]: Compiled SQL for node model.dbtDuckDb.stg_orders at target/compiled/dbtDuckDb/models/stg_orders.sql
16:44:33.663346 [debug]: Finished rendering [  0.00s] model main.stg_orders [success]
16:44:33.663371 [info ]: Finished rendering [  0.00s] (1 nodes, 0 skipped, 0 errors)
16:44:33.663397 [info ]: Started analyzing (1 nodes)
16:44:33.663410 [debug]: Started analyzing model main.stg_orders
16:44:33.664852 [debug]: Finished analyzing [  0.00s] model main.stg_orders [success]
16:44:33.664863 [info ]: Finished analyzing [  0.00s] (1 nodes, 0 skipped, 0 errors)
16:44:33.664873 [info ]: Started running (1 nodes)
16:44:33.664886 [info ]: Started running model main.stg_orders
16:44:33.666281 [debug]: Query executed on node model.dbtDuckDb.stg_orders:
SELECT table_catalog, table_schema, table_name, table_type FROM information_schema.tables WHERE table_schema = 'main' AND lower(table_catalog) = lower('dev')
16:44:33.666935 [debug]: Writing runtime sql for node "model.dbtDuckDb.stg_orders"
16:44:33.706934 [debug]: Query executed on node model.dbtDuckDb.stg_orders:
/* {"app": "dbt", "dbt_version": "2.0.0", "node_id": "model.dbtDuckDb.stg_orders", "profile_name": "dbtDuckDb", "target_name": "dev"} */

  
  create view "dev"."main"."stg_orders__dbt_tmp" as (
    SELECT 
id AS order_id,
customer AS customer_id,
ordered_at,
store_id,
subtotal,
tax_paid,
order_total
FROM 'jaffle-data/raw_orders.csv'
  );

16:44:33.707631 [debug]: Query executed on node model.dbtDuckDb.stg_orders:
/* {"app": "dbt", "dbt_version": "2.0.0", "node_id": "model.dbtDuckDb.stg_orders", "profile_name": "dbtDuckDb", "target_name": "dev"} */
alter view "dev"."main"."stg_orders" rename to "stg_orders__dbt_backup"
16:44:33.708157 [debug]: Query executed on node model.dbtDuckDb.stg_orders:
/* {"app": "dbt", "dbt_version": "2.0.0", "node_id": "model.dbtDuckDb.stg_orders", "profile_name": "dbtDuckDb", "target_name": "dev"} */
alter view "dev"."main"."stg_orders__dbt_tmp" rename to "stg_orders"
16:44:33.708806 [debug]: Query executed on node model.dbtDuckDb.stg_orders:
/* {"app": "dbt", "dbt_version": "2.0.0", "node_id": "model.dbtDuckDb.stg_orders", "profile_name": "dbtDuckDb", "target_name": "dev"} */

      drop view if exists "dev"."main"."stg_orders__dbt_backup" cascade
    
16:44:33.708973 [info ]: Finished running [  0.04s] model main.stg_orders [success]
16:44:33.709000 [info ]: Finished running [  0.04s] (1 nodes, 0 skipped, 0 errors)
16:44:33.709013 [info ]:  Succeeded [  0.04s] model main.stg_orders (view)
16:44:34.108884 [info ]: 
==================== Execution Summary =====================
Finished 'run' successfully for target 'dev' [717ms]
Processed: 1 model
Summary: 1 total | 1 success
==================== 2026-07-08T16:56:50.156687Z | 019f42a9-28eb-7302-b39b-cae7ea7e99c9 ====================
16:56:50.156741 [info ]: dbt-fusion 2.0.0-preview.196
16:56:50.156830 [info ]: Started loading project
16:56:50.157335 [info ]: Loading profiles.yml
16:56:50.255169 [debug]:    Started loading packages
16:56:50.255531 [debug]:     Loaded [  0.00s] packages
16:56:50.255886 [info ]: Finished loading project [  0.10s]
16:56:50.256059 [info ]: Started parsing
16:56:50.266230 [debug]: Finished parsing models/sources.yml [  0.00s]
16:56:50.266724 [debug]: Finished parsing models/int_orders_done.sql [  0.00s]
16:56:50.266872 [debug]: Finished parsing models/stg_orders.sql [  0.00s]
16:56:50.267768 [info ]: Finished parsing [  0.01s]
16:56:50.267982 [info ]: Started scheduling
16:56:50.268040 [info ]: Finished scheduling [  0.00s]
16:56:50.268152 [debug]: Initializing schema store with entry: Frontier(CanonicalFqn { catalog: "dev", schema: "jaffle_shop", table: "raw_orders" }) and interval: None
16:56:50.384137 [debug]: No platform credentials found, skipping remote license
16:56:50.384177 [debug]: License check failed: Feature not licensed: 'lineage'
16:56:50.384333 [info ]: Started building task graph
16:56:50.384412 [info ]: Finished building task graph [  0.00s]
16:56:50.426773 [debug]: Query executed on node unknown:
/* {"app": "dbt", "connection_name": "", "dbt_version": "2.0.0", "profile_name": "dbtDuckDb", "target_name": "dev"} */

    
    select schema_name
    from system.information_schema.schemata
    
    where lower(catalog_name) = '"dev"'
    
  
  
16:56:50.427063 [debug]: Query executed on node unknown:
/* {"app": "dbt", "connection_name": "", "dbt_version": "2.0.0", "profile_name": "dbtDuckDb", "target_name": "dev"} */

    
        select type from duckdb_databases()
        where lower(database_name)='dev'
        and type='sqlite'
    
  
16:56:50.427190 [debug]: Query executed on node unknown:
/* {"app": "dbt", "connection_name": "", "dbt_version": "2.0.0", "profile_name": "dbtDuckDb", "target_name": "dev"} */

    
    
        create schema if not exists "dev"."main"
    
16:56:50.427235 [info ]: Started rendering (2 nodes)
16:56:50.427262 [info ]: Started model main.stg_orders
16:56:50.427269 [debug]: Started rendering model main.stg_orders
16:56:50.427673 [debug]: Compiled SQL for node model.dbtDuckDb.stg_orders at target/compiled/dbtDuckDb/models/stg_orders.sql
16:56:50.427717 [debug]: Finished rendering [  0.00s] model main.stg_orders [success]
16:56:50.427751 [info ]: Started analyzing (2 nodes)
16:56:50.427765 [debug]: Started analyzing model main.stg_orders
16:56:50.429287 [debug]: Finished analyzing [  0.00s] model main.stg_orders [success]
16:56:50.429305 [info ]: Started running (2 nodes)
16:56:50.429318 [info ]: Started running model main.stg_orders
16:56:50.430839 [debug]: Query executed on node model.dbtDuckDb.stg_orders:
SELECT table_catalog, table_schema, table_name, table_type FROM information_schema.tables WHERE table_schema = 'main' AND lower(table_catalog) = lower('dev')
16:56:50.431490 [debug]: Writing runtime sql for node "model.dbtDuckDb.stg_orders"
16:56:50.471777 [debug]: Query executed on node model.dbtDuckDb.stg_orders:
/* {"app": "dbt", "dbt_version": "2.0.0", "node_id": "model.dbtDuckDb.stg_orders", "profile_name": "dbtDuckDb", "target_name": "dev"} */

  
  create view "dev"."main"."stg_orders__dbt_tmp" as (
    SELECT 
id AS order_id,
customer AS customer_id,
ordered_at,
store_id,
subtotal,
tax_paid,
order_total
FROM 'jaffle-data/raw_orders.csv'
  );

16:56:50.472509 [debug]: Query executed on node model.dbtDuckDb.stg_orders:
/* {"app": "dbt", "dbt_version": "2.0.0", "node_id": "model.dbtDuckDb.stg_orders", "profile_name": "dbtDuckDb", "target_name": "dev"} */
alter view "dev"."main"."stg_orders" rename to "stg_orders__dbt_backup"
16:56:50.472922 [debug]: Query executed on node model.dbtDuckDb.stg_orders:
/* {"app": "dbt", "dbt_version": "2.0.0", "node_id": "model.dbtDuckDb.stg_orders", "profile_name": "dbtDuckDb", "target_name": "dev"} */
alter view "dev"."main"."stg_orders__dbt_tmp" rename to "stg_orders"
16:56:50.473509 [debug]: Query executed on node model.dbtDuckDb.stg_orders:
/* {"app": "dbt", "dbt_version": "2.0.0", "node_id": "model.dbtDuckDb.stg_orders", "profile_name": "dbtDuckDb", "target_name": "dev"} */

      drop view if exists "dev"."main"."stg_orders__dbt_backup" cascade
    
16:56:50.473666 [info ]: Finished running [  0.04s] model main.stg_orders [success]
16:56:50.473697 [info ]:  Succeeded [  0.04s] model main.stg_orders (view)
16:56:50.473732 [info ]: Started model main.int_orders_done
16:56:50.473740 [debug]: Started rendering model main.int_orders_done
16:56:50.474102 [debug]: Compiled SQL for node model.dbtDuckDb.int_orders_done at target/compiled/dbtDuckDb/models/int_orders_done.sql
16:56:50.474136 [debug]: Finished rendering [  0.00s] model main.int_orders_done [success]
16:56:50.474161 [info ]: Finished rendering [  0.05s] (2 nodes, 0 skipped, 0 errors)
16:56:50.474184 [debug]: Started analyzing model main.int_orders_done
16:56:50.474879 [debug]: Finished analyzing [  0.00s] model main.int_orders_done [success]
16:56:50.474896 [info ]: Finished analyzing [  0.05s] (2 nodes, 0 skipped, 0 errors)
16:56:50.474912 [info ]: Started running model main.int_orders_done
16:56:50.475783 [debug]: Writing runtime sql for node "model.dbtDuckDb.int_orders_done"
16:56:50.513687 [debug]: Query executed on node model.dbtDuckDb.int_orders_done:
/* {"app": "dbt", "dbt_version": "2.0.0", "node_id": "model.dbtDuckDb.int_orders_done", "profile_name": "dbtDuckDb", "target_name": "dev"} */

  
  create view "dev"."main"."int_orders_done__dbt_tmp" as (
    SELECT * FROM "dev"."main"."stg_orders"
  );

16:56:50.514268 [debug]: Query executed on node model.dbtDuckDb.int_orders_done:
/* {"app": "dbt", "dbt_version": "2.0.0", "node_id": "model.dbtDuckDb.int_orders_done", "profile_name": "dbtDuckDb", "target_name": "dev"} */
alter view "dev"."main"."int_orders_done__dbt_tmp" rename to "int_orders_done"
16:56:50.514774 [debug]: Query executed on node model.dbtDuckDb.int_orders_done:
/* {"app": "dbt", "dbt_version": "2.0.0", "node_id": "model.dbtDuckDb.int_orders_done", "profile_name": "dbtDuckDb", "target_name": "dev"} */

      drop view if exists "dev"."main"."int_orders_done__dbt_backup" cascade
    
16:56:50.514910 [info ]: Finished running [  0.04s] model main.int_orders_done [success]
16:56:50.514935 [info ]: Finished running [  0.09s] (2 nodes, 0 skipped, 0 errors)
16:56:50.514947 [info ]:  Succeeded [  0.04s] model main.int_orders_done (view)
16:56:50.633944 [info ]: 
==================== Execution Summary =====================
Finished 'run' successfully for target 'dev' [477ms]
Processed: 2 models
Summary: 2 total | 2 success
==================== 2026-07-09T15:44:29.959512Z | 019f478d-4b04-71e3-9021-b345506ecbb2 ====================
15:44:29.959673 [info ]: dbt-fusion 2.0.0-preview.196
15:44:29.959900 [info ]: Started loading project
15:44:29.960689 [info ]: Loading profiles.yml
15:44:29.961441 [info ]: Finished loading project [  0.00s]
15:44:29.961518 [info ]: Started debugging
15:44:29.961551 [info ]: Debugging profile: dev
15:44:29.961568 [info ]: Debugging dbt version: 2.0.0-preview.196
15:44:29.961579 [info ]: Debugging platform: macos aarch64 (unix)
15:44:29.961596 [info ]: Debugging adapter type: duckdb (remote)
15:44:29.971298 [info ]: Debugging dependencies:
  git: OK
15:44:29.971384 [info ]: Debugging connection:
  "path": "dev.duckdb"
15:44:30.036846 [debug]: Query executed on node unknown:
select 1 as id
15:44:30.036940 [info ]: Debugging connection test: OK
15:44:30.037395 [info ]: Debugged All checks passed!
15:44:30.037424 [info ]: Finished debugging [  0.08s]
15:44:30.709412 [info ]: 
==================== Execution Summary =====================
Finished 'debug' successfully for target 'dev' [749ms]
==================== 2026-07-09T15:45:45.092079Z | 019f478e-7082-7e20-9453-e92887c52d8e ====================
15:45:45.092161 [info ]: dbt-fusion 2.0.0-preview.196
15:45:45.092295 [info ]: Started loading project
15:45:45.093033 [info ]: Loading profiles.yml
15:45:45.093564 [info ]: Finished loading project [  0.00s]
15:45:45.093659 [info ]: Started debugging
15:45:45.093694 [info ]: Debugging profile: dev
15:45:45.093706 [info ]: Debugging dbt version: 2.0.0-preview.196
15:45:45.093719 [info ]: Debugging platform: macos aarch64 (unix)
15:45:45.093735 [info ]: Debugging adapter type: duckdb (remote)
15:45:45.104000 [info ]: Debugging dependencies:
  git: OK
15:45:45.104081 [info ]: Debugging connection:
  "path": "dev.duckdb"
15:45:45.166255 [debug]: Query executed on node unknown:
select 1 as id
15:45:45.166358 [info ]: Debugging connection test: OK
15:45:45.166824 [info ]: Debugged All checks passed!
15:45:45.166850 [info ]: Finished debugging [  0.07s]
15:45:45.747734 [info ]: 
==================== Execution Summary =====================
Finished 'debug' successfully for target 'dev' [655ms]
==================== 2026-07-09T15:46:23.491055Z | 019f478f-0681-7143-87fd-c232850ab195 ====================
15:46:23.491154 [info ]: dbt-fusion 2.0.0-preview.196
15:46:23.491293 [info ]: Started loading project
15:46:23.492071 [info ]: Loading profiles.yml
15:46:23.492524 [info ]: Finished loading project [  0.00s]
15:46:23.492587 [info ]: Started debugging
15:46:23.492618 [info ]: Debugging profile: duckdb_dev
15:46:23.492633 [info ]: Debugging dbt version: 2.0.0-preview.196
15:46:23.492647 [info ]: Debugging platform: macos aarch64 (unix)
15:46:23.492665 [info ]: Debugging adapter type: duckdb (remote)
15:46:23.502057 [info ]: Debugging dependencies:
  git: OK
15:46:23.502116 [info ]: Debugging connection:
  "path": "dev_db.duckdb"
15:46:23.516243 [debug]: Query executed on node unknown:
select 1 as id
15:46:23.516395 [info ]: Debugging connection test: OK
15:46:23.517480 [info ]: Debugged All checks passed!
15:46:23.517532 [info ]: Finished debugging [  0.02s]
15:46:24.148652 [info ]: 
==================== Execution Summary =====================
Finished 'debug' successfully for target 'duckdb_dev' [657ms]
